[19-Jun-2026 11:28:29 UTC] PHP Parse error:  Unclosed '{' on line 452 in /home/customer/www/computerrepairservices.com.au/public_html/wp-content/plugins/business-owner-dashboard/includes/stripe-functions.php on line 453
[19-Jun-2026 11:28:38 UTC] PHP Parse error:  Unclosed '{' on line 452 in /home/customer/www/computerrepairservices.com.au/public_html/wp-content/plugins/business-owner-dashboard/includes/stripe-functions.php on line 453
[19-Jun-2026 11:28:50 UTC] PHP Parse error:  Unclosed '{' on line 452 in /home/customer/www/computerrepairservices.com.au/public_html/wp-content/plugins/business-owner-dashboard/includes/stripe-functions.php on line 453
[19-Jun-2026 11:29:14 UTC] PHP Parse error:  Unclosed '{' on line 452 in /home/customer/www/computerrepairservices.com.au/public_html/wp-content/plugins/business-owner-dashboard/includes/stripe-functions.php on line 453
[19-Jun-2026 11:29:19 UTC] PHP Parse error:  Unclosed '{' on line 452 in /home/customer/www/computerrepairservices.com.au/public_html/wp-content/plugins/business-owner-dashboard/includes/stripe-functions.php on line 453
[19-Jun-2026 11:30:30 UTC] PHP Parse error:  Unclosed '{' on line 452 in /home/customer/www/computerrepairservices.com.au/public_html/wp-content/plugins/business-owner-dashboard/includes/stripe-functions.php on line 453
[19-Jun-2026 11:30:39 UTC] PHP Parse error:  Unclosed '{' on line 452 in /home/customer/www/computerrepairservices.com.au/public_html/wp-content/plugins/business-owner-dashboard/includes/stripe-functions.php on line 453
[19-Jun-2026 11:30:51 UTC] PHP Parse error:  Unclosed '{' on line 452 in /home/customer/www/computerrepairservices.com.au/public_html/wp-content/plugins/business-owner-dashboard/includes/stripe-functions.php on line 453
[19-Jun-2026 11:31:15 UTC] PHP Parse error:  Unclosed '{' on line 452 in /home/customer/www/computerrepairservices.com.au/public_html/wp-content/plugins/business-owner-dashboard/includes/stripe-functions.php on line 453
[19-Jun-2026 11:31:20 UTC] PHP Parse error:  Unclosed '{' on line 452 in /home/customer/www/computerrepairservices.com.au/public_html/wp-content/plugins/business-owner-dashboard/includes/stripe-functions.php on line 453
[19-Jun-2026 11:31:51 UTC] PHP Parse error:  Unclosed '{' on line 452 in /home/customer/www/computerrepairservices.com.au/public_html/wp-content/plugins/business-owner-dashboard/includes/stripe-functions.php on line 453
[19-Jun-2026 11:31:52 UTC] PHP Parse error:  Unclosed '{' on line 452 in /home/customer/www/computerrepairservices.com.au/public_html/wp-content/plugins/business-owner-dashboard/includes/stripe-functions.php on line 453
[19-Jun-2026 11:32:31 UTC] PHP Parse error:  Unclosed '{' on line 452 in /home/customer/www/computerrepairservices.com.au/public_html/wp-content/plugins/business-owner-dashboard/includes/stripe-functions.php on line 453
[19-Jun-2026 11:32:40 UTC] PHP Parse error:  Unclosed '{' on line 452 in /home/customer/www/computerrepairservices.com.au/public_html/wp-content/plugins/business-owner-dashboard/includes/stripe-functions.php on line 453
[19-Jun-2026 11:32:52 UTC] PHP Parse error:  Unclosed '{' on line 452 in /home/customer/www/computerrepairservices.com.au/public_html/wp-content/plugins/business-owner-dashboard/includes/stripe-functions.php on line 453
[19-Jun-2026 11:33:16 UTC] PHP Parse error:  Unclosed '{' on line 452 in /home/customer/www/computerrepairservices.com.au/public_html/wp-content/plugins/business-owner-dashboard/includes/stripe-functions.php on line 453
[19-Jun-2026 11:33:21 UTC] PHP Parse error:  Unclosed '{' on line 452 in /home/customer/www/computerrepairservices.com.au/public_html/wp-content/plugins/business-owner-dashboard/includes/stripe-functions.php on line 453
[19-Jun-2026 11:34:32 UTC] PHP Parse error:  Unclosed '{' on line 452 in /home/customer/www/computerrepairservices.com.au/public_html/wp-content/plugins/business-owner-dashboard/includes/stripe-functions.php on line 453
[19-Jun-2026 11:34:41 UTC] PHP Parse error:  syntax error, unexpected string content "Listing not fou" in /home/customer/www/computerrepairservices.com.au/public_html/wp-content/plugins/business-owner-dashboard/includes/ajax-handlers.php on line 204
[19-Jun-2026 11:34:53 UTC] PHP Parse error:  syntax error, unexpected string content "Listing not fou" in /home/customer/www/computerrepairservices.com.au/public_html/wp-content/plugins/business-owner-dashboard/includes/ajax-handlers.php on line 204
[19-Jun-2026 11:35:17 UTC] PHP Parse error:  syntax error, unexpected string content "Listing not fou" in /home/customer/www/computerrepairservices.com.au/public_html/wp-content/plugins/business-owner-dashboard/includes/ajax-handlers.php on line 204
[19-Jun-2026 11:35:22 UTC] PHP Parse error:  syntax error, unexpected string content "Listing not fou" in /home/customer/www/computerrepairservices.com.au/public_html/wp-content/plugins/business-owner-dashboard/includes/ajax-handlers.php on line 204
[19-Jun-2026 11:35:27 UTC] PHP Parse error:  syntax error, unexpected string content "Listing not fou" in /home/customer/www/computerrepairservices.com.au/public_html/wp-content/plugins/business-owner-dashboard/includes/ajax-handlers.php on line 204
[19-Jun-2026 11:35:27 UTC] PHP Parse error:  syntax error, unexpected string content "Listing not fou" in /home/customer/www/computerrepairservices.com.au/public_html/wp-content/plugins/business-owner-dashboard/includes/ajax-handlers.php on line 204
[19-Jun-2026 11:37:19 UTC] PHP Parse error:  Unclosed '{' on line 62 in /home/customer/www/computerrepairservices.com.au/public_html/wp-content/plugins/business-owner-dashboard/includes/shortcodes.php on line 326
[19-Jun-2026 11:37:19 UTC] PHP Parse error:  Unclosed '{' on line 62 in /home/customer/www/computerrepairservices.com.au/public_html/wp-content/plugins/business-owner-dashboard/includes/shortcodes.php on line 326
[19-Jun-2026 11:39:09 UTC] PHP Parse error:  syntax error, unexpected identifier "s", expecting "]" in /home/customer/www/computerrepairservices.com.au/public_html/wp-content/plugins/business-owner-dashboard/includes/landing-shortcode.php on line 333
[19-Jun-2026 11:39:09 UTC] PHP Parse error:  syntax error, unexpected identifier "s", expecting "]" in /home/customer/www/computerrepairservices.com.au/public_html/wp-content/plugins/business-owner-dashboard/includes/landing-shortcode.php on line 333
[19-Jun-2026 13:10:32 UTC] WordPress database error Unknown column 'finance_quote' in 'field list' for query INSERT INTO `wow_crs_enquiries` (`business_id`, `name`, `email`, `phone`, `postcode`, `service`, `subject`, `message`, `finance_quote`, `status`, `created_at`) VALUES (32, 'vigneshwari weblogix', 'vigneshwariweblogix@gmail.com', '9876544332', '3241', 'Business IT Support', '', '', 1, 'new', '2026-06-19 23:10:32') made by require('wp-blog-header.php'), wp, WP->main, WP->parse_request, do_action_ref_array('parse_request'), WP_Hook->do_action, WP_Hook->apply_filters, rest_api_loaded, WP_REST_Server->serve_request, WP_REST_Server->dispatch, WP_REST_Server->respond_to_request, WPCF7_REST_Controller->create_feedback, WPCF7_ContactForm->submit, WPCF7_Submission::get_instance, WPCF7_Submission->proceed, wpcf7_switch_locale, call_user_func, WPCF7_Submission->{closure}, WPCF7_Submission->before_send_mail, do_action_ref_array('wpcf7_before_send_mail'), WP_Hook->do_action, WP_Hook->apply_filters, crs_save_cf7_enquiry_to_db
[19-Jun-2026 22:58:58 UTC] Automatic updates starting...
[19-Jun-2026 22:58:59 UTC] Automatic updates complete.
